Build started 21/02/2014 17:36:30.
     1>Project "c:\Users\guido3\documents\visual studio 2012\Projects\VMProtectDumper\VMProtectDumper\VMProtectDumper.vcxproj" on node 2 (Build target(s)).
     1>InitializeBuildStatus:
         Creating "Debug\VMProtectDumper.unsuccessfulbuild" because "AlwaysCreate" was specified.
       ClCompile:
         d:\Program Files (x86)\Microsoft Visual Studio 10.0\VC\bin\CL.exe /c /ZI /nologo /W3 /WX- /Od /Oy- /D _UNICODE /D UNICODE /Gm /EHsc /RTC1 /MTd /GS /fp:precise /Zc:wchar_t /Zc:forScope /Fo"Debug\\" /Fd"Debug\vc100.pdb" /Gd /TP /analyze- /errorReport:prompt VMProtectDumper.cpp
         VMProtectDumper.cpp
     1>c:\users\guido3\documents\visual studio 2012\projects\vmprotectdumper\vmprotectdumper\vmprotectdumper.cpp(100): warning C4715: 'HandleException' : not all control paths return a value
       Link:
         d:\Program Files (x86)\Microsoft Visual Studio 10.0\VC\bin\link.exe /ERRORREPORT:PROMPT /OUT:"c:\users\guido3\documents\visual studio 2012\Projects\VMProtectDumper\Debug\VMProtectDumper.exe" /NOLOGO kernel32.lib user32.lib gdi32.lib winspool.lib comdlg32.lib advapi32.lib shell32.lib ole32.lib oleaut32.lib uuid.lib odbc32.lib odbccp32.lib /MANIFEST /ManifestFile:"Debug\VMProtectDumper.exe.intermediate.manifest" /MANIFESTUAC:"level='asInvoker' uiAccess='false'" /DEBUG /PDB:"c:\users\guido3\documents\visual studio 2012\Projects\VMProtectDumper\Debug\VMProtectDumper.pdb" /TLBID:1 /DYNAMICBASE /NXCOMPAT /IMPLIB:"c:\users\guido3\documents\visual studio 2012\Projects\VMProtectDumper\Debug\VMProtectDumper.lib" /MACHINE:X86 Debug\VMProtectDumper.obj
         LINK : c:\users\guido3\documents\visual studio 2012\Projects\VMProtectDumper\Debug\VMProtectDumper.exe not found or not built by the last incremental link; performing full link
         VMProtectDumper.vcxproj -> c:\users\guido3\documents\visual studio 2012\Projects\VMProtectDumper\Debug\VMProtectDumper.exe
       Manifest:
         C:\Program Files (x86)\Microsoft SDKs\Windows\v7.0A\bin\mt.exe /nologo /verbose /outputresource:"c:\users\guido3\documents\visual studio 2012\Projects\VMProtectDumper\Debug\VMProtectDumper.exe;#1" /manifest Debug\VMProtectDumper.exe.intermediate.manifest
       FinalizeBuildStatus:
         Deleting file "Debug\VMProtectDumper.unsuccessfulbuild".
         Touching "Debug\VMProtectDumper.lastbuildstate".
     1>Done Building Project "c:\Users\guido3\documents\visual studio 2012\Projects\VMProtectDumper\VMProtectDumper\VMProtectDumper.vcxproj" (Build target(s)).

Build succeeded.

Time Elapsed 00:00:01.03
